build/app/intermediates/manifest_merge_blame_file/release/manifest-merger-blame-release-report.txt
1<?xml version="1.0" encoding="utf-8"?>
2<manifest xmlns:android="http://schemas.android.com/apk/res/android"
3    package="com.codewithandrea.open_weather_example_flutter"
4    android:versionCode="1"
5    android:versionName="1.0.0" >
6
7    <uses-sdk
8        android:minSdkVersion="21"
8-->src\main\AndroidManifest.xml
9        android:targetSdkVersion="33" />
9-->src\main\AndroidManifest.xml
10
11    <uses-permission android:name="android.permission.ACCESS_FINE_LOCATION" />
11-->src\main\AndroidManifest.xml:3:5-79
11-->src\main\AndroidManifest.xml:3:22-76
12    <uses-permission android:name="android.permission.ACCESS_COARSE_LOCATION" />
12-->src\main\AndroidManifest.xml:4:5-81
12-->src\main\AndroidManifest.xml:4:22-78
13    <uses-permission android:name="android.permission.ACCESS_BACKGROUND_LOCATION" />
13-->src\main\AndroidManifest.xml:5:5-85
13-->src\main\AndroidManifest.xml:5:22-82
14    <uses-permission android:name="android.permission.INTERNET" />
14-->[com.google.firebase:firebase-auth:22.3.1] AndroidManifest.xml:25:5-67
14-->[com.google.firebase:firebase-auth:22.3.1] AndroidManifest.xml:25:22-64
15    <uses-permission android:name="android.permission.ACCESS_NETWORK_STATE" />
15-->[com.google.firebase:firebase-auth:22.3.1] AndroidManifest.xml:26:5-79
15-->[com.google.firebase:firebase-auth:22.3.1] AndroidManifest.xml:26:22-76
16    <uses-permission android:name="com.google.android.providers.gsf.permission.READ_GSERVICES" />
16-->[com.google.android.recaptcha:recaptcha:18.4.0] AndroidManifest.xml:9:5-98
16-->[com.google.android.recaptcha:recaptcha:18.4.0] AndroidManifest.xml:9:22-95
17
18    <permission
18-->[androidx.core:core:1.9.0] AndroidManifest.xml:22:5-24:47
19        android:name="com.codewithandrea.open_weather_example_flutter.DYNAMIC_RECEIVER_NOT_EXPORTED_PERMISSION"
19-->[androidx.core:core:1.9.0] AndroidManifest.xml:23:9-81
20        android:protectionLevel="signature" />
20-->[androidx.core:core:1.9.0] AndroidManifest.xml:24:9-44
21
22    <uses-permission android:name="com.codewithandrea.open_weather_example_flutter.DYNAMIC_RECEIVER_NOT_EXPORTED_PERMISSION" />
22-->[androidx.core:core:1.9.0] AndroidManifest.xml:26:5-97
22-->[androidx.core:core:1.9.0] AndroidManifest.xml:26:22-94
23
24    <application
25        android:name="android.app.Application"
25-->src\main\AndroidManifest.xml:8:9-42
26        android:appComponentFactory="androidx.core.app.CoreComponentFactory"
26-->[androidx.core:core:1.9.0] AndroidManifest.xml:28:18-86
27        android:icon="@mipmap/ic_launcher"
27-->src\main\AndroidManifest.xml:9:9-43
28        android:label="open_weather_example_flutter" >
28-->src\main\AndroidManifest.xml:7:9-53
29        <activity
29-->src\main\AndroidManifest.xml:10:9-30:20
30            android:name="com.codewithandrea.open_weather_example_flutter.MainActivity"
30-->src\main\AndroidManifest.xml:11:13-41
31            android:configChanges="orientation|keyboardHidden|keyboard|screenSize|smallestScreenSize|locale|layoutDirection|fontScale|screenLayout|density|uiMode"
31-->src\main\AndroidManifest.xml:15:13-163
32            android:exported="true"
32-->src\main\AndroidManifest.xml:12:13-36
33            android:hardwareAccelerated="true"
33-->src\main\AndroidManifest.xml:16:13-47
34            android:launchMode="singleTop"
34-->src\main\AndroidManifest.xml:13:13-43
35            android:theme="@style/LaunchTheme"
35-->src\main\AndroidManifest.xml:14:13-47
36            android:windowSoftInputMode="adjustResize" >
36-->src\main\AndroidManifest.xml:17:13-55
37
38            <!--
39                 Specifies an Android theme to apply to this Activity as soon as
40                 the Android process has started. This theme is visible to the user
41                 while the Flutter UI initializes. After that, this theme continues
42                 to determine the Window background behind the Flutter UI.
43            -->
44            <meta-data
44-->src\main\AndroidManifest.xml:22:13-25:17
45                android:name="io.flutter.embedding.android.NormalTheme"
45-->src\main\AndroidManifest.xml:23:15-70
46                android:resource="@style/NormalTheme" />
46-->src\main\AndroidManifest.xml:24:15-52
47
48            <intent-filter>
48-->src\main\AndroidManifest.xml:26:13-29:29
49                <action android:name="android.intent.action.MAIN" />
49-->src\main\AndroidManifest.xml:27:17-68
49-->src\main\AndroidManifest.xml:27:25-66
50
51                <category android:name="android.intent.category.LAUNCHER" />
51-->src\main\AndroidManifest.xml:28:17-76
51-->src\main\AndroidManifest.xml:28:27-74
52            </intent-filter>
53        </activity>
54        <!--
55             Don't delete the meta-data below.
56             This is used by the Flutter tool to generate GeneratedPluginRegistrant.java
57        -->
58        <meta-data
58-->src\main\AndroidManifest.xml:33:9-35:33
59            android:name="flutterEmbedding"
59-->src\main\AndroidManifest.xml:34:13-44
60            android:value="2" />
60-->src\main\AndroidManifest.xml:35:13-30
61
62        <service
62-->[:firebase_auth] AndroidManifest.xml:10:9-14:19
63            android:name="com.google.firebase.components.ComponentDiscoveryService"
63-->[:firebase_auth] AndroidManifest.xml:10:18-89
64            android:directBootAware="true"
64-->[com.google.firebase:firebase-common:20.4.2] AndroidManifest.xml:32:13-43
65            android:exported="false" >
65-->[com.google.firebase:firebase-auth:22.3.1] AndroidManifest.xml:68:13-37
66            <meta-data
66-->[:firebase_auth] AndroidManifest.xml:11:13-13:85
67                android:name="com.google.firebase.components:io.flutter.plugins.firebase.auth.FlutterFirebaseAuthRegistrar"
67-->[:firebase_auth] AndroidManifest.xml:12:17-124
68                android:value="com.google.firebase.components.ComponentRegistrar" />
68-->[:firebase_auth] AndroidManifest.xml:13:17-82
69            <meta-data
69-->[:cloud_firestore] AndroidManifest.xml:11:13-13:85
70                android:name="com.google.firebase.components:io.flutter.plugins.firebase.firestore.FlutterFirebaseFirestoreRegistrar"
70-->[:cloud_firestore] AndroidManifest.xml:12:17-134
71                android:value="com.google.firebase.components.ComponentRegistrar" />
71-->[:cloud_firestore] AndroidManifest.xml:13:17-82
72            <meta-data
72-->[:firebase_core] AndroidManifest.xml:11:13-13:85
73                android:name="com.google.firebase.components:io.flutter.plugins.firebase.core.FlutterFirebaseCoreRegistrar"
73-->[:firebase_core] AndroidManifest.xml:12:17-124
74                android:value="com.google.firebase.components.ComponentRegistrar" />
74-->[:firebase_core] AndroidManifest.xml:13:17-82
75            <meta-data
75-->[com.google.firebase:firebase-auth:22.3.1] AndroidManifest.xml:69:13-71:85
76                android:name="com.google.firebase.components:com.google.firebase.auth.FirebaseAuthRegistrar"
76-->[com.google.firebase:firebase-auth:22.3.1] AndroidManifest.xml:70:17-109
77                android:value="com.google.firebase.components.ComponentRegistrar" />
77-->[com.google.firebase:firebase-auth:22.3.1] AndroidManifest.xml:71:17-82
78            <meta-data
78-->[com.google.firebase:firebase-firestore:24.10.1] AndroidManifest.xml:17:13-19:85
79                android:name="com.google.firebase.components:com.google.firebase.firestore.FirebaseFirestoreKtxRegistrar"
79-->[com.google.firebase:firebase-firestore:24.10.1] AndroidManifest.xml:18:17-122
80                android:value="com.google.firebase.components.ComponentRegistrar" />
80-->[com.google.firebase:firebase-firestore:24.10.1] AndroidManifest.xml:19:17-82
81            <meta-data
81-->[com.google.firebase:firebase-firestore:24.10.1] AndroidManifest.xml:20:13-22:85
82                android:name="com.google.firebase.components:com.google.firebase.firestore.FirestoreRegistrar"
82-->[com.google.firebase:firebase-firestore:24.10.1] AndroidManifest.xml:21:17-111
83                android:value="com.google.firebase.components.ComponentRegistrar" />
83-->[com.google.firebase:firebase-firestore:24.10.1] AndroidManifest.xml:22:17-82
84            <meta-data
84-->[com.google.firebase:firebase-common-ktx:20.4.2] AndroidManifest.xml:12:13-14:85
85                android:name="com.google.firebase.components:com.google.firebase.ktx.FirebaseCommonLegacyRegistrar"
85-->[com.google.firebase:firebase-common-ktx:20.4.2] AndroidManifest.xml:13:17-116
86                android:value="com.google.firebase.components.ComponentRegistrar" />
86-->[com.google.firebase:firebase-common-ktx:20.4.2] AndroidManifest.xml:14:17-82
87            <meta-data
87-->[com.google.firebase:firebase-common:20.4.2] AndroidManifest.xml:35:13-37:85
88                android:name="com.google.firebase.components:com.google.firebase.FirebaseCommonKtxRegistrar"
88-->[com.google.firebase:firebase-common:20.4.2] AndroidManifest.xml:36:17-109
89                android:value="com.google.firebase.components.ComponentRegistrar" />
89-->[com.google.firebase:firebase-common:20.4.2] AndroidManifest.xml:37:17-82
90        </service>
91        <service
91-->[:geolocator_android] AndroidManifest.xml:10:9-14:56
92            android:name="com.baseflow.geolocator.GeolocatorLocationService"
92-->[:geolocator_android] AndroidManifest.xml:11:13-77
93            android:enabled="true"
93-->[:geolocator_android] AndroidManifest.xml:12:13-35
94            android:exported="false"
94-->[:geolocator_android] AndroidManifest.xml:13:13-37
95            android:foregroundServiceType="location" />
95-->[:geolocator_android] AndroidManifest.xml:14:13-53
96
97        <activity
97-->[com.google.firebase:firebase-auth:22.3.1] AndroidManifest.xml:29:9-46:20
98            android:name="com.google.firebase.auth.internal.GenericIdpActivity"
98-->[com.google.firebase:firebase-auth:22.3.1] AndroidManifest.xml:30:13-80
99            android:excludeFromRecents="true"
99-->[com.google.firebase:firebase-auth:22.3.1] AndroidManifest.xml:31:13-46
100            android:exported="true"
100-->[com.google.firebase:firebase-auth:22.3.1] AndroidManifest.xml:32:13-36
101            android:launchMode="singleTask"
101-->[com.google.firebase:firebase-auth:22.3.1] AndroidManifest.xml:33:13-44
102            android:theme="@android:style/Theme.Translucent.NoTitleBar" >
102-->[com.google.firebase:firebase-auth:22.3.1] AndroidManifest.xml:34:13-72
103            <intent-filter>
103-->[com.google.firebase:firebase-auth:22.3.1] AndroidManifest.xml:35:13-45:29
104                <action android:name="android.intent.action.VIEW" />
104-->[com.google.firebase:firebase-auth:22.3.1] AndroidManifest.xml:36:17-69
104-->[com.google.firebase:firebase-auth:22.3.1] AndroidManifest.xml:36:25-66
105
106                <category android:name="android.intent.category.DEFAULT" />
106-->[com.google.firebase:firebase-auth:22.3.1] AndroidManifest.xml:38:17-76
106-->[com.google.firebase:firebase-auth:22.3.1] AndroidManifest.xml:38:27-73
107                <category android:name="android.intent.category.BROWSABLE" />
107-->[com.google.firebase:firebase-auth:22.3.1] AndroidManifest.xml:39:17-78
107-->[com.google.firebase:firebase-auth:22.3.1] AndroidManifest.xml:39:27-75
108
109                <data
109-->[com.google.firebase:firebase-auth:22.3.1] AndroidManifest.xml:41:17-44:51
110                    android:host="firebase.auth"
110-->[com.google.firebase:firebase-auth:22.3.1] AndroidManifest.xml:42:21-49
111                    android:path="/"
111-->[com.google.firebase:firebase-auth:22.3.1] AndroidManifest.xml:43:21-37
112                    android:scheme="genericidp" />
112-->[com.google.firebase:firebase-auth:22.3.1] AndroidManifest.xml:44:21-48
113            </intent-filter>
114        </activity>
115        <activity
115-->[com.google.firebase:firebase-auth:22.3.1] AndroidManifest.xml:47:9-64:20
116            android:name="com.google.firebase.auth.internal.RecaptchaActivity"
116-->[com.google.firebase:firebase-auth:22.3.1] AndroidManifest.xml:48:13-79
117            android:excludeFromRecents="true"
117-->[com.google.firebase:firebase-auth:22.3.1] AndroidManifest.xml:49:13-46
118            android:exported="true"
118-->[com.google.firebase:firebase-auth:22.3.1] AndroidManifest.xml:50:13-36
119            android:launchMode="singleTask"
119-->[com.google.firebase:firebase-auth:22.3.1] AndroidManifest.xml:51:13-44
120            android:theme="@android:style/Theme.Translucent.NoTitleBar" >
120-->[com.google.firebase:firebase-auth:22.3.1] AndroidManifest.xml:52:13-72
121            <intent-filter>
121-->[com.google.firebase:firebase-auth:22.3.1] AndroidManifest.xml:53:13-63:29
122                <action android:name="android.intent.action.VIEW" />
122-->[com.google.firebase:firebase-auth:22.3.1] AndroidManifest.xml:36:17-69
122-->[com.google.firebase:firebase-auth:22.3.1] AndroidManifest.xml:36:25-66
123
124                <category android:name="android.intent.category.DEFAULT" />
124-->[com.google.firebase:firebase-auth:22.3.1] AndroidManifest.xml:38:17-76
124-->[com.google.firebase:firebase-auth:22.3.1] AndroidManifest.xml:38:27-73
125                <category android:name="android.intent.category.BROWSABLE" />
125-->[com.google.firebase:firebase-auth:22.3.1] AndroidManifest.xml:39:17-78
125-->[com.google.firebase:firebase-auth:22.3.1] AndroidManifest.xml:39:27-75
126
127                <data
127-->[com.google.firebase:firebase-auth:22.3.1] AndroidManifest.xml:41:17-44:51
128                    android:host="firebase.auth"
128-->[com.google.firebase:firebase-auth:22.3.1] AndroidManifest.xml:42:21-49
129                    android:path="/"
129-->[com.google.firebase:firebase-auth:22.3.1] AndroidManifest.xml:43:21-37
130                    android:scheme="recaptcha" />
130-->[com.google.firebase:firebase-auth:22.3.1] AndroidManifest.xml:44:21-48
131            </intent-filter>
132        </activity>
133
134        <provider
134-->[com.google.firebase:firebase-common:20.4.2] AndroidManifest.xml:23:9-28:39
135            android:name="com.google.firebase.provider.FirebaseInitProvider"
135-->[com.google.firebase:firebase-common:20.4.2] AndroidManifest.xml:24:13-77
136            android:authorities="com.codewithandrea.open_weather_example_flutter.firebaseinitprovider"
136-->[com.google.firebase:firebase-common:20.4.2] AndroidManifest.xml:25:13-72
137            android:directBootAware="true"
137-->[com.google.firebase:firebase-common:20.4.2] AndroidManifest.xml:26:13-43
138            android:exported="false"
138-->[com.google.firebase:firebase-common:20.4.2] AndroidManifest.xml:27:13-37
139            android:initOrder="100" />
139-->[com.google.firebase:firebase-common:20.4.2] AndroidManifest.xml:28:13-36
140
141        <activity
141-->[com.google.android.gms:play-services-base:18.1.0] AndroidManifest.xml:20:9-22:45
142            android:name="com.google.android.gms.common.api.GoogleApiActivity"
142-->[com.google.android.gms:play-services-base:18.1.0] AndroidManifest.xml:20:19-85
143            android:exported="false"
143-->[com.google.android.gms:play-services-base:18.1.0] AndroidManifest.xml:22:19-43
144            android:theme="@android:style/Theme.Translucent.NoTitleBar" />
144-->[com.google.android.gms:play-services-base:18.1.0] AndroidManifest.xml:21:19-78
145
146        <uses-library
146-->[androidx.window:window:1.0.0-beta04] AndroidManifest.xml:25:9-27:40
147            android:name="androidx.window.extensions"
147-->[androidx.window:window:1.0.0-beta04] AndroidManifest.xml:26:13-54
148            android:required="false" />
148-->[androidx.window:window:1.0.0-beta04] AndroidManifest.xml:27:13-37
149        <uses-library
149-->[androidx.window:window:1.0.0-beta04] AndroidManifest.xml:28:9-30:40
150            android:name="androidx.window.sidecar"
150-->[androidx.window:window:1.0.0-beta04] AndroidManifest.xml:29:13-51
151            android:required="false" />
151-->[androidx.window:window:1.0.0-beta04] AndroidManifest.xml:30:13-37
152
153        <meta-data
153-->[com.google.android.gms:play-services-basement:18.1.0] AndroidManifest.xml:21:9-23:69
154            android:name="com.google.android.gms.version"
154-->[com.google.android.gms:play-services-basement:18.1.0] AndroidManifest.xml:22:13-58
155            android:value="@integer/google_play_services_version" />
155-->[com.google.android.gms:play-services-basement:18.1.0] AndroidManifest.xml:23:13-66
156    </application>
157
158</manifest>